2013-09-23 15:56:54,327 - Log4JLogChute initialized using file 'velocity.log'
2013-09-23 15:56:54,335 - Velocity was not initialized! Calling init()...
2013-09-23 15:56:54,335 - Starting Apache Velocity v1.5 (compiled: 2007-02-22 08:52:29)
2013-09-23 15:56:54,335 - Default Properties File: org\apache\velocity\runtime\defaults\velocity.properties
2013-09-23 15:56:54,335 - Trying to use logger class org.apache.velocity.runtime.log.AvalonLogChute
2013-09-23 15:56:54,351 - Couldn't find class org.apache.velocity.runtime.log.AvalonLogChute or necessary supporting classes in classpath.
java.lang.NoClassDefFoundError: org/apache/log/format/Formatter
	at java.lang.Class.forName0(Native Method)
	at java.lang.Class.forName(Unknown Source)
	at org.apache.velocity.util.ClassUtils.getClass(ClassUtils.java:63)
	at org.apache.velocity.util.ClassUtils.getNewInstance(ClassUtils.java:95)
	at org.apache.velocity.runtime.log.LogManager.createLogChute(LogManager.java:147)
	at org.apache.velocity.runtime.log.LogManager.updateLog(LogManager.java:208)
	at org.apache.velocity.runtime.RuntimeInstance.initializeLog(RuntimeInstance.java:728)
	at org.apache.velocity.runtime.RuntimeInstance.init(RuntimeInstance.java:240)
	at org.apache.velocity.runtime.RuntimeInstance.parse(RuntimeInstance.java:993)
	at org.apache.velocity.runtime.RuntimeInstance.parse(RuntimeInstance.java:972)
	at org.apache.velocity.runtime.RuntimeSingleton.parse(RuntimeSingleton.java:265)
	at org.apache.velocity.app.Velocity.evaluate(Velocity.java:274)
	at org.sonatype.mavenbook.weather.WeatherFormatter.format(WeatherFormatter.java:21)
	at org.sonatype.mavenbook.weather.Main.start(Main.java:38)
	at org.sonatype.mavenbook.weather.Main.main(Main.java:21)
Caused by: java.lang.ClassNotFoundException: org.apache.log.format.Formatter
	at java.net.URLClassLoader$1.run(Unknown Source)
	at java.net.URLClassLoader$1.run(Unknown Source)
	at java.security.AccessController.doPrivileged(Native Method)
	at java.net.URLClassLoader.findClass(Unknown Source)
	at java.lang.ClassLoader.loadClass(Unknown Source)
	at sun.misc.Launcher$AppClassLoader.loadClass(Unknown Source)
	at java.lang.ClassLoader.loadClass(Unknown Source)
	... 15 more
2013-09-23 15:56:54,372 - Trying to use logger class org.apache.velocity.runtime.log.Log4JLogChute
2013-09-23 15:56:54,372 - Using logger class org.apache.velocity.runtime.log.Log4JLogChute
2013-09-23 15:56:54,376 - Default ResourceManager initializing. (class org.apache.velocity.runtime.resource.ResourceManagerImpl)
2013-09-23 15:56:54,381 - ResourceLoader instantiated: org.apache.velocity.runtime.resource.loader.FileResourceLoader
2013-09-23 15:56:54,383 - Do unicode file recognition:  false
2013-09-23 15:56:54,383 - FileResourceLoader : adding path '.'
2013-09-23 15:56:54,395 - ResourceCache: initialized (class org.apache.velocity.runtime.resource.ResourceCacheImpl)
2013-09-23 15:56:54,397 - Loaded System Directive: org.apache.velocity.runtime.directive.Literal
2013-09-23 15:56:54,398 - Loaded System Directive: org.apache.velocity.runtime.directive.Macro
2013-09-23 15:56:54,400 - Loaded System Directive: org.apache.velocity.runtime.directive.Parse
2013-09-23 15:56:54,401 - Loaded System Directive: org.apache.velocity.runtime.directive.Include
2013-09-23 15:56:54,402 - Loaded System Directive: org.apache.velocity.runtime.directive.Foreach
2013-09-23 15:56:54,425 - Created '20' parsers.
2013-09-23 15:56:54,429 - Velocimacro : "velocimacro.library" is not set.  Trying default library: VM_global_library.vm
2013-09-23 15:56:54,430 - Velocimacro : Default library not found.
2013-09-23 15:56:54,430 - Velocimacro : allowInline = true : VMs can be defined inline in templates
2013-09-23 15:56:54,430 - Velocimacro : allowInlineToOverride = false : VMs defined inline may NOT replace previous VM definitions
2013-09-23 15:56:54,430 - Velocimacro : allowInlineLocal = false : VMs defined inline will be global in scope if allowed.
2013-09-23 15:56:54,430 - Velocimacro : autoload off : VM system will not automatically reload global library macros
2013-09-23 15:57:06,339 - Log4JLogChute initialized using file 'velocity.log'
2013-09-23 15:57:06,339 - Velocity was not initialized! Calling init()...
2013-09-23 15:57:06,339 - Starting Apache Velocity v1.5 (compiled: 2007-02-22 08:52:29)
2013-09-23 15:57:06,340 - Default Properties File: org\apache\velocity\runtime\defaults\velocity.properties
2013-09-23 15:57:06,340 - Trying to use logger class org.apache.velocity.runtime.log.AvalonLogChute
2013-09-23 15:57:06,340 - Couldn't find class org.apache.velocity.runtime.log.AvalonLogChute or necessary supporting classes in classpath.
java.lang.NoClassDefFoundError: org/apache/log/format/Formatter
	at java.lang.Class.forName0(Native Method)
	at java.lang.Class.forName(Unknown Source)
	at org.apache.velocity.util.ClassUtils.getClass(ClassUtils.java:63)
	at org.apache.velocity.util.ClassUtils.getNewInstance(ClassUtils.java:95)
	at org.apache.velocity.runtime.log.LogManager.createLogChute(LogManager.java:147)
	at org.apache.velocity.runtime.log.LogManager.updateLog(LogManager.java:208)
	at org.apache.velocity.runtime.RuntimeInstance.initializeLog(RuntimeInstance.java:728)
	at org.apache.velocity.runtime.RuntimeInstance.init(RuntimeInstance.java:240)
	at org.apache.velocity.runtime.RuntimeInstance.parse(RuntimeInstance.java:993)
	at org.apache.velocity.runtime.RuntimeInstance.parse(RuntimeInstance.java:972)
	at org.apache.velocity.runtime.RuntimeSingleton.parse(RuntimeSingleton.java:265)
	at org.apache.velocity.app.Velocity.evaluate(Velocity.java:274)
	at org.sonatype.mavenbook.weather.WeatherFormatter.format(WeatherFormatter.java:21)
	at org.sonatype.mavenbook.weather.Main.start(Main.java:38)
	at org.sonatype.mavenbook.weather.Main.main(Main.java:21)
Caused by: java.lang.ClassNotFoundException: org.apache.log.format.Formatter
	at java.net.URLClassLoader$1.run(Unknown Source)
	at java.net.URLClassLoader$1.run(Unknown Source)
	at java.security.AccessController.doPrivileged(Native Method)
	at java.net.URLClassLoader.findClass(Unknown Source)
	at java.lang.ClassLoader.loadClass(Unknown Source)
	at sun.misc.Launcher$AppClassLoader.loadClass(Unknown Source)
	at java.lang.ClassLoader.loadClass(Unknown Source)
	... 15 more
2013-09-23 15:57:06,342 - Trying to use logger class org.apache.velocity.runtime.log.Log4JLogChute
2013-09-23 15:57:06,342 - Using logger class org.apache.velocity.runtime.log.Log4JLogChute
2013-09-23 15:57:06,344 - Default ResourceManager initializing. (class org.apache.velocity.runtime.resource.ResourceManagerImpl)
2013-09-23 15:57:06,345 - ResourceLoader instantiated: org.apache.velocity.runtime.resource.loader.FileResourceLoader
2013-09-23 15:57:06,346 - Do unicode file recognition:  false
2013-09-23 15:57:06,346 - FileResourceLoader : adding path '.'
2013-09-23 15:57:06,353 - ResourceCache: initialized (class org.apache.velocity.runtime.resource.ResourceCacheImpl)
2013-09-23 15:57:06,354 - Loaded System Directive: org.apache.velocity.runtime.directive.Literal
2013-09-23 15:57:06,355 - Loaded System Directive: org.apache.velocity.runtime.directive.Macro
2013-09-23 15:57:06,356 - Loaded System Directive: org.apache.velocity.runtime.directive.Parse
2013-09-23 15:57:06,357 - Loaded System Directive: org.apache.velocity.runtime.directive.Include
2013-09-23 15:57:06,357 - Loaded System Directive: org.apache.velocity.runtime.directive.Foreach
2013-09-23 15:57:06,374 - Created '20' parsers.
2013-09-23 15:57:06,379 - Velocimacro : "velocimacro.library" is not set.  Trying default library: VM_global_library.vm
2013-09-23 15:57:06,379 - Velocimacro : Default library not found.
2013-09-23 15:57:06,379 - Velocimacro : allowInline = true : VMs can be defined inline in templates
2013-09-23 15:57:06,379 - Velocimacro : allowInlineToOverride = false : VMs defined inline may NOT replace previous VM definitions
2013-09-23 15:57:06,379 - Velocimacro : allowInlineLocal = false : VMs defined inline will be global in scope if allowed.
2013-09-23 15:57:06,379 - Velocimacro : autoload off : VM system will not automatically reload global library macros
