2013-09-23 14:26:46,169 - Log4JLogChute initialized using file 'velocity.log'
2013-09-23 14:26:46,169 - Velocity was not initialized! Calling init()...
2013-09-23 14:26:46,169 - Starting Apache Velocity v1.5 (compiled: 2007-02-22 08:52:29)
2013-09-23 14:26:46,169 - Default Properties File: org\apache\velocity\runtime\defaults\velocity.properties
2013-09-23 14:26:46,169 - Trying to use logger class org.apache.velocity.runtime.log.AvalonLogChute
2013-09-23 14:26:46,170 - Couldn't find class org.apache.velocity.runtime.log.AvalonLogChute or necessary supporting classes in classpath.
java.lang.NoClassDefFoundError: org/apache/log/format/Formatter
	at java.lang.Class.forName0(Native Method)
	at java.lang.Class.forName(Class.java:270)
	at org.apache.velocity.util.ClassUtils.getClass(ClassUtils.java:63)
	at org.apache.velocity.util.ClassUtils.getNewInstance(ClassUtils.java:95)
	at org.apache.velocity.runtime.log.LogManager.createLogChute(LogManager.java:147)
	at org.apache.velocity.runtime.log.LogManager.updateLog(LogManager.java:208)
	at org.apache.velocity.runtime.RuntimeInstance.initializeLog(RuntimeInstance.java:728)
	at org.apache.velocity.runtime.RuntimeInstance.init(RuntimeInstance.java:240)
	at org.apache.velocity.runtime.RuntimeInstance.parse(RuntimeInstance.java:993)
	at org.apache.velocity.runtime.RuntimeInstance.parse(RuntimeInstance.java:972)
	at org.apache.velocity.runtime.RuntimeSingleton.parse(RuntimeSingleton.java:265)
	at org.apache.velocity.app.Velocity.evaluate(Velocity.java:274)
	at org.sonatype.mavenbook.weather.WeatherFormatter.format(WeatherFormatter.java:21)
	at org.sonatype.mavenbook.weather.Main.start(Main.java:38)
	at org.sonatype.mavenbook.weather.Main.main(Main.java:21)
	at sun.reflect.NativeMethodAccessorImpl.invoke0(Native Method)
	at sun.reflect.NativeMethodAccessorImpl.invoke(NativeMethodAccessorImpl.java:57)
	at sun.reflect.DelegatingMethodAccessorImpl.invoke(DelegatingMethodAccessorImpl.java:43)
	at java.lang.reflect.Method.invoke(Method.java:606)
	at org.codehaus.mojo.exec.ExecJavaMojo$1.run(ExecJavaMojo.java:297)
	at java.lang.Thread.run(Thread.java:724)
Caused by: java.lang.ClassNotFoundException: org.apache.log.format.Formatter
	at java.net.URLClassLoader$1.run(URLClassLoader.java:366)
	at java.net.URLClassLoader$1.run(URLClassLoader.java:355)
	at java.security.AccessController.doPrivileged(Native Method)
	at java.net.URLClassLoader.findClass(URLClassLoader.java:354)
	at java.lang.ClassLoader.loadClass(ClassLoader.java:424)
	at java.lang.ClassLoader.loadClass(ClassLoader.java:357)
	... 21 more
2013-09-23 14:26:46,172 - Trying to use logger class org.apache.velocity.runtime.log.Log4JLogChute
2013-09-23 14:26:46,172 - Using logger class org.apache.velocity.runtime.log.Log4JLogChute
2013-09-23 14:26:46,173 - Default ResourceManager initializing. (class org.apache.velocity.runtime.resource.ResourceManagerImpl)
2013-09-23 14:26:46,175 - ResourceLoader instantiated: org.apache.velocity.runtime.resource.loader.FileResourceLoader
2013-09-23 14:26:46,176 - Do unicode file recognition:  false
2013-09-23 14:26:46,176 - FileResourceLoader : adding path '.'
2013-09-23 14:26:46,185 - ResourceCache: initialized (class org.apache.velocity.runtime.resource.ResourceCacheImpl)
2013-09-23 14:26:46,186 - Loaded System Directive: org.apache.velocity.runtime.directive.Literal
2013-09-23 14:26:46,187 - Loaded System Directive: org.apache.velocity.runtime.directive.Macro
2013-09-23 14:26:46,188 - Loaded System Directive: org.apache.velocity.runtime.directive.Parse
2013-09-23 14:26:46,189 - Loaded System Directive: org.apache.velocity.runtime.directive.Include
2013-09-23 14:26:46,189 - Loaded System Directive: org.apache.velocity.runtime.directive.Foreach
2013-09-23 14:26:46,208 - Created '20' parsers.
2013-09-23 14:26:46,212 - Velocimacro : "velocimacro.library" is not set.  Trying default library: VM_global_library.vm
2013-09-23 14:26:46,213 - Velocimacro : Default library not found.
2013-09-23 14:26:46,213 - Velocimacro : allowInline = true : VMs can be defined inline in templates
2013-09-23 14:26:46,213 - Velocimacro : allowInlineToOverride = false : VMs defined inline may NOT replace previous VM definitions
2013-09-23 14:26:46,213 - Velocimacro : allowInlineLocal = false : VMs defined inline will be global in scope if allowed.
2013-09-23 14:26:46,213 - Velocimacro : autoload off : VM system will not automatically reload global library macros
